<?xml version="1.0" encoding="UTF-8"?>
<testsuite name="com.cutieelo.DemoApplicationTests" tests="1" skipped="0" failures="0" errors="0" timestamp="2024-11-21T03:14:45" hostname="Sages-MBP" time="0.917">
  <properties/>
  <testcase name="contextLoads()" classname="com.cutieelo.DemoApplicationTests" time="0.917"/>
  <system-out><![CDATA[22:14:42.697 [Test worker] INFO org.springframework.test.context.support.AnnotationConfigContextLoaderUtils -- Could not detect default configuration classes for test class [com.cutieelo.DemoApplicationTests]: DemoApplicationTests does not declare any static, non-private, non-final, nested classes annotated with @Configuration.
22:14:42.826 [Test worker] INFO org.springframework.boot.test.context.SpringBootTestContextBootstrapper -- Found @SpringBootConfiguration com.cutieelo.DemoApplication for test class com.cutieelo.DemoApplicationTests

  .   ____          _            __ _ _
 /\\ / ___'_ __ _ _(_)_ __  __ _ \ \ \ \
( ( )\___ | '_ | '_| | '_ \/ _` | \ \ \ \
 \\/  ___)| |_)| | | | | || (_| |  ) ) ) )
  '  |____| .__|_| |_|_| |_\__, | / / / /
 =========|_|==============|___/=/_/_/_/

 :: Spring Boot ::                (v3.3.5)

2024-11-20T22:14:43.333-05:00  INFO 17849 --- [demo] [    Test worker] com.cutieelo.DemoApplicationTests        : Starting DemoApplicationTests using Java 21.0.1 with PID 17849 (started by sageprice in /Users/sageprice/workspace/cute)
2024-11-20T22:14:43.335-05:00  INFO 17849 --- [demo] [    Test worker] com.cutieelo.DemoApplicationTests        : No active profile set, falling back to 1 default profile: "default"
2024-11-20T22:14:44.893-05:00  INFO 17849 --- [demo] [    Test worker] o.s.b.a.w.s.WelcomePageHandlerMapping    : Adding welcome page template: index
2024-11-20T22:14:45.552-05:00  INFO 17849 --- [demo] [    Test worker] com.cutieelo.DemoApplicationTests        : Started DemoApplicationTests in 2.566 seconds (process running for 4.042)
]]></system-out>
  <system-err><![CDATA[WARNING: A Java agent has been loaded dynamically (/Users/sageprice/.gradle/caches/modules-2/files-2.1/net.bytebuddy/byte-buddy-agent/1.14.19/154da3a65b4f4a909d3e5bdec55d1b2b4cbb6ce1/byte-buddy-agent-1.14.19.jar)
WARNING: If a serviceability tool is in use, please run with -XX:+EnableDynamicAgentLoading to hide this warning
WARNING: If a serviceability tool is not in use, please run with -Djdk.instrument.traceUsage for more information
WARNING: Dynamic loading of agents will be disallowed by default in a future release
]]></system-err>
</testsuite>
